<?xml version="1.0" encoding="UTF-8"?>
<!-- Generated by org.testng.reporters.JUnitReportReporter -->
<testsuite hostname="DESKTOP-M4GRLMR" failures="0" tests="1" name="MyClass" time="13.530" errors="0" timestamp="2023-10-15T20:48:25 EET" skipped="0">
  <testcase classname="MyClass" name="TestTheCalculatorApp" time="13.530"/>
  <system-out/>
</testsuite> <!-- MyClass -->
